<?xml version="1.0" encoding="UTF-8"?>
<!-- Generated by org.testng.reporters.JUnitXMLReporter -->
<testsuite ignored="0" hostname="STREAMSOFT-0205" failures="0" tests="5" name="Default test" time="0.843" errors="0" timestamp="25 mar 2021 09:40:46 GMT">
  <testcase classname="LoadFromNBPTest" name="should_exchangeFromPLN" time="0.475"/>
  <testcase classname="LoadFromNBPTest" name="should_exchangeToPLN" time="0.106"/>
  <testcase classname="LoadFromNBPTest" name="should_exchangeToPLN_when_specificDateWasGiven" time="0.1"/>
  <testcase classname="LoadFromNBPTest" name="should_exchangeToPLN_when_thereWasNoRateThatDate" time="0.13"/>
  <testcase classname="LoadFromNBPTest" name="should_throwCurrencyException_when_dateIsAfterToday" time="0.01"/>
</testsuite> <!-- Default test -->
