<?xml version="1.0" encoding="UTF-8"?>
<!-- Generated by org.testng.reporters.JUnitXMLReporter -->
<testsuite ignored="0" hostname="STREAMSOFT-0205" failures="0" tests="5" name="Default test" time="0.626" errors="0" timestamp="24 mar 2021 11:23:01 GMT">
  <testcase classname="LoadFromNBPTest" name="should_exchangeFromPLN" time="0.334"/>
  <testcase classname="LoadFromNBPTest" name="should_exchangeToPLN" time="0.05"/>
  <testcase classname="LoadFromNBPTest" name="should_exchangeToPLN_when_specificDateWasGiven" time="0.091"/>
  <testcase classname="LoadFromNBPTest" name="should_exchangeToPLN_when_thereWasNoRateThatDate" time="0.122"/>
  <testcase classname="LoadFromNBPTest" name="should_throwCurrencyException_when_dateIsAfterToday" time="0.008"/>
</testsuite> <!-- Default test -->
