<?xml version="1.0" encoding="UTF-8"?>
<testng-results ignored="0" total="5" passed="5" failed="0" skipped="0">
  <reporter-output>
  </reporter-output>
  <suite started-at="2021-03-23T08:57:19Z" name="Default suite" finished-at="2021-03-23T08:57:20Z" duration-ms="892">
    <groups>
    </groups>
    <test started-at="2021-03-23T08:57:19Z" name="Default test" finished-at="2021-03-23T08:57:20Z" duration-ms="892">
      <class name="LoadFromNBPTest">
        <test-method signature="Should_ExchangeFromPLN()[pri:0, instance:LoadFromNBPTest@421e361]" started-at="2021-03-23T09:57:19Z" name="Should_ExchangeFromPLN" finished-at="2021-03-23T09:57:19Z" duration-ms="399" status="PASS">
          <reporter-output>
          </reporter-output>
        </test-method> <!-- Should_ExchangeFromPLN -->
        <test-method signature="Should_ExchangeToPLN()[pri:0, instance:LoadFromNBPTest@421e361]" started-at="2021-03-23T09:57:19Z" name="Should_ExchangeToPLN" finished-at="2021-03-23T09:57:19Z" duration-ms="130" status="PASS">
          <reporter-output>
          </reporter-output>
        </test-method> <!-- Should_ExchangeToPLN -->
        <test-method signature="Should_ExchangeToPLN_When_SpecificDateWasGiven()[pri:0, instance:LoadFromNBPTest@421e361]" started-at="2021-03-23T09:57:19Z" name="Should_ExchangeToPLN_When_SpecificDateWasGiven" finished-at="2021-03-23T09:57:19Z" duration-ms="119" status="PASS">
          <reporter-output>
          </reporter-output>
        </test-method> <!-- Should_ExchangeToPLN_When_SpecificDateWasGiven -->
        <test-method signature="Should_ExchangeToPLN_When_ThereWasNoRateThatDate()[pri:0, instance:LoadFromNBPTest@421e361]" started-at="2021-03-23T09:57:19Z" name="Should_ExchangeToPLN_When_ThereWasNoRateThatDate" finished-at="2021-03-23T09:57:20Z" duration-ms="207" status="PASS">
          <reporter-output>
          </reporter-output>
        </test-method> <!-- Should_ExchangeToPLN_When_ThereWasNoRateThatDate -->
        <test-method signature="Should_ThrowCurrencyException_When_DateIsAfterToday()[pri:0, instance:LoadFromNBPTest@421e361]" started-at="2021-03-23T09:57:20Z" name="Should_ThrowCurrencyException_When_DateIsAfterToday" finished-at="2021-03-23T09:57:20Z" duration-ms="12" status="PASS">
          <reporter-output>
          </reporter-output>
        </test-method> <!-- Should_ThrowCurrencyException_When_DateIsAfterToday -->
      </class> <!-- LoadFromNBPTest -->
    </test> <!-- Default test -->
  </suite> <!-- Default suite -->
</testng-results>
